<?xml version="1.0" encoding="UTF-8"?>
<testsuite name="TestSolver" tests="1" skipped="0" failures="0" errors="0" timestamp="2023-05-04T18:38:44" hostname="MacBook-Air-Stanislav.local" time="1.304">
  <properties/>
  <testcase name="testSolver()" classname="TestSolver" time="1.304"/>
  <system-out><![CDATA[System cannot be resolved in whole numbers!
System cannot be resolved in whole numbers!
System cannot be resolved in whole numbers!
System cannot be resolved in whole numbers!
System cannot be resolved in whole numbers!
System cannot be resolved in whole numbers!
System cannot be resolved in whole numbers!
System cannot be resolved in whole numbers!
System cannot be resolved in whole numbers!
System cannot be resolved in whole numbers!
System cannot be resolved in whole numbers!
System cannot be resolved in whole numbers!
System cannot be resolved in whole numbers!
System cannot be resolved in whole numbers!
System cannot be resolved in whole numbers!
System cannot be resolved in whole numbers!
System cannot be resolved in whole numbers!
System cannot be resolved in whole numbers!
System cannot be resolved in whole numbers!
System cannot be resolved in whole numbers!
System cannot be resolved in whole numbers!
System cannot be resolved in whole numbers!
System cannot be resolved in whole numbers!
System cannot be resolved in whole numbers!
System cannot be resolved in whole numbers!
System cannot be resolved in whole numbers!
System cannot be resolved in whole numbers!
System cannot be resolved in whole numbers!
System cannot be resolved in whole numbers!
System cannot be resolved in whole numbers!
System cannot be resolved in whole numbers!
System cannot be resolved in whole numbers!
System cannot be resolved in whole numbers!
System cannot be resolved in whole numbers!
System cannot be resolved in whole numbers!
System cannot be resolved in whole numbers!
System cannot be resolved in whole numbers!
System cannot be resolved in whole numbers!
System cannot be resolved in whole numbers!
System cannot be resolved in whole numbers!
System cannot be resolved in whole numbers!
System cannot be resolved in whole numbers!
System cannot be resolved in whole numbers!
System cannot be resolved in whole numbers!
System cannot be resolved in whole numbers!
System cannot be resolved in whole numbers!
System cannot be resolved in whole numbers!
System cannot be resolved in whole numbers!
System cannot be resolved in whole numbers!
System cannot be resolved in whole numbers!
System cannot be resolved in whole numbers!
System cannot be resolved in whole numbers!
System cannot be resolved in whole numbers!
System cannot be resolved in whole numbers!
System cannot be resolved in whole numbers!
System cannot be resolved in whole numbers!
System cannot be resolved in whole numbers!
System cannot be resolved in whole numbers!
System cannot be resolved in whole numbers!
System cannot be resolved in whole numbers!
System cannot be resolved in whole numbers!
System cannot be resolved in whole numbers!
System cannot be resolved in whole numbers!
System cannot be resolved in whole numbers!
System cannot be resolved in whole numbers!
System cannot be resolved in whole numbers!
System cannot be resolved in whole numbers!
System cannot be resolved in whole numbers!
System cannot be resolved in whole numbers!
System cannot be resolved in whole numbers!
System cannot be resolved in whole numbers!
System cannot be resolved in whole numbers!
System cannot be resolved in whole numbers!
System cannot be resolved in whole numbers!
System cannot be resolved in whole numbers!
System cannot be resolved in whole numbers!
System cannot be resolved in whole numbers!
System cannot be resolved in whole numbers!
System cannot be resolved in whole numbers!
System cannot be resolved in whole numbers!
System cannot be resolved in whole numbers!
System cannot be resolved in whole numbers!
System cannot be resolved in whole numbers!
System cannot be resolved in whole numbers!
System cannot be resolved in whole numbers!
System cannot be resolved in whole numbers!
Particular solution is [I@909217e + t_1*[-11, -1, 0, 0, 0, 0] + t_1*[-3, 3, -1, 0, 0, 0] + t_1*[-48, -3, -2, -1, 0, 0] + t_1*[7, -1, -4, 904204048, -15, 0] + t_1*[-421, -67, 129, -226063283, -1398359498, 1431649658] + t_1*[-309, -44, 96, 904194293, -1847833331, -1431660235] + t_2*[0, 2, -2, -1130254434, -1048771158, 1431656051] + t_1*[108, 15, -30, -1808404319, 1198595112, 1242]
System cannot be resolved in whole numbers!
System cannot be resolved in whole numbers!
System cannot be resolved in whole numbers!
System cannot be resolved in whole numbers!
System cannot be resolved in whole numbers!
System cannot be resolved in whole numbers!
System cannot be resolved in whole numbers!
System cannot be resolved in whole numbers!
System cannot be resolved in whole numbers!
System cannot be resolved in whole numbers!
System cannot be resolved in whole numbers!
System cannot be resolved in whole numbers!
System cannot be resolved in whole numbers!
System cannot be resolved in whole numbers!
System cannot be resolved in whole numbers!
System cannot be resolved in whole numbers!
System cannot be resolved in whole numbers!
System cannot be resolved in whole numbers!
System cannot be resolved in whole numbers!
System cannot be resolved in whole numbers!
System cannot be resolved in whole numbers!
System cannot be resolved in whole numbers!
System cannot be resolved in whole numbers!
System cannot be resolved in whole numbers!
System cannot be resolved in whole numbers!
System cannot be resolved in whole numbers!
System cannot be resolved in whole numbers!
System cannot be resolved in whole numbers!
System cannot be resolved in whole numbers!
System cannot be resolved in whole numbers!
System cannot be resolved in whole numbers!
System cannot be resolved in whole numbers!
System cannot be resolved in whole numbers!
System cannot be resolved in whole numbers!
System cannot be resolved in whole numbers!
System cannot be resolved in whole numbers!
System cannot be resolved in whole numbers!
System cannot be resolved in whole numbers!
System cannot be resolved in whole numbers!
System cannot be resolved in whole numbers!
System cannot be resolved in whole numbers!
System cannot be resolved in whole numbers!
System cannot be resolved in whole numbers!
System cannot be resolved in whole numbers!
System cannot be resolved in whole numbers!
System cannot be resolved in whole numbers!
System cannot be resolved in whole numbers!
System cannot be resolved in whole numbers!
System cannot be resolved in whole numbers!
System cannot be resolved in whole numbers!
System cannot be resolved in whole numbers!
System cannot be resolved in whole numbers!
System cannot be resolved in whole numbers!
System cannot be resolved in whole numbers!
System cannot be resolved in whole numbers!
System cannot be resolved in whole numbers!
System cannot be resolved in whole numbers!
System cannot be resolved in whole numbers!
System cannot be resolved in whole numbers!
System cannot be resolved in whole numbers!
System cannot be resolved in whole numbers!
System cannot be resolved in whole numbers!
System cannot be resolved in whole numbers!
System cannot be resolved in whole numbers!
System cannot be resolved in whole numbers!
System cannot be resolved in whole numbers!
System cannot be resolved in whole numbers!
System cannot be resolved in whole numbers!
System cannot be resolved in whole numbers!
System cannot be resolved in whole numbers!
System cannot be resolved in whole numbers!
System cannot be resolved in whole numbers!
System cannot be resolved in whole numbers!
System cannot be resolved in whole numbers!
System cannot be resolved in whole numbers!
System cannot be resolved in whole numbers!
System cannot be resolved in whole numbers!
System cannot be resolved in whole numbers!
System cannot be resolved in whole numbers!
System cannot be resolved in whole numbers!
System cannot be resolved in whole numbers!
System cannot be resolved in whole numbers!
System cannot be resolved in whole numbers!
System cannot be resolved in whole numbers!
System cannot be resolved in whole numbers!
System cannot be resolved in whole numbers!
System cannot be resolved in whole numbers!
System cannot be resolved in whole numbers!
System cannot be resolved in whole numbers!
System cannot be resolved in whole numbers!
System cannot be resolved in whole numbers!
System cannot be resolved in whole numbers!
System cannot be resolved in whole numbers!
System cannot be resolved in whole numbers!
System cannot be resolved in whole numbers!
System cannot be resolved in whole numbers!
System cannot be resolved in whole numbers!
System cannot be resolved in whole numbers!
System cannot be resolved in whole numbers!
System cannot be resolved in whole numbers!
System cannot be resolved in whole numbers!
System cannot be resolved in whole numbers!
System cannot be resolved in whole numbers!
System cannot be resolved in whole numbers!
System cannot be resolved in whole numbers!
System cannot be resolved in whole numbers!
System cannot be resolved in whole numbers!
System cannot be resolved in whole numbers!
System cannot be resolved in whole numbers!
System cannot be resolved in whole numbers!
System cannot be resolved in whole numbers!
System cannot be resolved in whole numbers!
System cannot be resolved in whole numbers!
System cannot be resolved in whole numbers!
Particular solution is [I@5e2c3d18 + t_1*[5344, -73750] + t_1*[-4466, 61633] + t_1*[-2542, 35081] + t_1*[957, -13207]
System cannot be resolved in whole numbers!
System cannot be resolved in whole numbers!
System cannot be resolved in whole numbers!
System cannot be resolved in whole numbers!
System cannot be resolved in whole numbers!
System cannot be resolved in whole numbers!
System cannot be resolved in whole numbers!
System cannot be resolved in whole numbers!
System cannot be resolved in whole numbers!
System cannot be resolved in whole numbers!
System cannot be resolved in whole numbers!
System cannot be resolved in whole numbers!
System cannot be resolved in whole numbers!
System cannot be resolved in whole numbers!
System cannot be resolved in whole numbers!
System cannot be resolved in whole numbers!
System cannot be resolved in whole numbers!
System cannot be resolved in whole numbers!
System cannot be resolved in whole numbers!
System cannot be resolved in whole numbers!
System cannot be resolved in whole numbers!
System cannot be resolved in whole numbers!
System cannot be resolved in whole numbers!
System cannot be resolved in whole numbers!
System cannot be resolved in whole numbers!
System cannot be resolved in whole numbers!
System cannot be resolved in whole numbers!
System cannot be resolved in whole numbers!
System cannot be resolved in whole numbers!
System cannot be resolved in whole numbers!
System cannot be resolved in whole numbers!
System cannot be resolved in whole numbers!
System cannot be resolved in whole numbers!
System cannot be resolved in whole numbers!
System cannot be resolved in whole numbers!
System cannot be resolved in whole numbers!
System cannot be resolved in whole numbers!
System cannot be resolved in whole numbers!
System cannot be resolved in whole numbers!
System cannot be resolved in whole numbers!
System cannot be resolved in whole numbers!
System cannot be resolved in whole numbers!
System cannot be resolved in whole numbers!
System cannot be resolved in whole numbers!
System cannot be resolved in whole numbers!
System cannot be resolved in whole numbers!
System cannot be resolved in whole numbers!
System cannot be resolved in whole numbers!
System cannot be resolved in whole numbers!
System cannot be resolved in whole numbers!
System cannot be resolved in whole numbers!
System cannot be resolved in whole numbers!
System cannot be resolved in whole numbers!
System cannot be resolved in whole numbers!
System cannot be resolved in whole numbers!
System cannot be resolved in whole numbers!
System cannot be resolved in whole numbers!
System cannot be resolved in whole numbers!
System cannot be resolved in whole numbers!
System cannot be resolved in whole numbers!
System cannot be resolved in whole numbers!
System cannot be resolved in whole numbers!
System cannot be resolved in whole numbers!
System cannot be resolved in whole numbers!
Particular solution is [I@2cb4893b + t_1*[223, -57378] + t_1*[288, -74095] + t_1*[462, -118865] + t_1*[280, -72036]
System cannot be resolved in whole numbers!
System cannot be resolved in whole numbers!
System cannot be resolved in whole numbers!
System cannot be resolved in whole numbers!
System cannot be resolved in whole numbers!
System cannot be resolved in whole numbers!
System cannot be resolved in whole numbers!
System cannot be resolved in whole numbers!
System cannot be resolved in whole numbers!
System cannot be resolved in whole numbers!
System cannot be resolved in whole numbers!
System cannot be resolved in whole numbers!
System cannot be resolved in whole numbers!
System cannot be resolved in whole numbers!
System cannot be resolved in whole numbers!
System cannot be resolved in whole numbers!
System cannot be resolved in whole numbers!
System cannot be resolved in whole numbers!
System cannot be resolved in whole numbers!
System cannot be resolved in whole numbers!
System cannot be resolved in whole numbers!
System cannot be resolved in whole numbers!
System cannot be resolved in whole numbers!
System cannot be resolved in whole numbers!
System cannot be resolved in whole numbers!
System cannot be resolved in whole numbers!
System cannot be resolved in whole numbers!
System cannot be resolved in whole numbers!
System cannot be resolved in whole numbers!
System cannot be resolved in whole numbers!
System cannot be resolved in whole numbers!
System cannot be resolved in whole numbers!
System cannot be resolved in whole numbers!
System cannot be resolved in whole numbers!
System cannot be resolved in whole numbers!
System cannot be resolved in whole numbers!
System cannot be resolved in whole numbers!
System cannot be resolved in whole numbers!
System cannot be resolved in whole numbers!
System cannot be resolved in whole numbers!
System cannot be resolved in whole numbers!
System cannot be resolved in whole numbers!
System cannot be resolved in whole numbers!
System cannot be resolved in whole numbers!
System cannot be resolved in whole numbers!
System cannot be resolved in whole numbers!
System cannot be resolved in whole numbers!
System cannot be resolved in whole numbers!
System cannot be resolved in whole numbers!
System cannot be resolved in whole numbers!
System cannot be resolved in whole numbers!
System cannot be resolved in whole numbers!
System cannot be resolved in whole numbers!
System cannot be resolved in whole numbers!
System cannot be resolved in whole numbers!
System cannot be resolved in whole numbers!
System cannot be resolved in whole numbers!
System cannot be resolved in whole numbers!
System cannot be resolved in whole numbers!
System cannot be resolved in whole numbers!
System cannot be resolved in whole numbers!
System cannot be resolved in whole numbers!
System cannot be resolved in whole numbers!
System cannot be resolved in whole numbers!
System cannot be resolved in whole numbers!
System cannot be resolved in whole numbers!
System cannot be resolved in whole numbers!
System cannot be resolved in whole numbers!
System cannot be resolved in whole numbers!
System cannot be resolved in whole numbers!
System cannot be resolved in whole numbers!
System cannot be resolved in whole numbers!
System cannot be resolved in whole numbers!
System cannot be resolved in whole numbers!
System cannot be resolved in whole numbers!
System cannot be resolved in whole numbers!
System cannot be resolved in whole numbers!
System cannot be resolved in whole numbers!
System cannot be resolved in whole numbers!
System cannot be resolved in whole numbers!
System cannot be resolved in whole numbers!
System cannot be resolved in whole numbers!
System cannot be resolved in whole numbers!
System cannot be resolved in whole numbers!
System cannot be resolved in whole numbers!
System cannot be resolved in whole numbers!
System cannot be resolved in whole numbers!
System cannot be resolved in whole numbers!
System cannot be resolved in whole numbers!
System cannot be resolved in whole numbers!
System cannot be resolved in whole numbers!
System cannot be resolved in whole numbers!
System cannot be resolved in whole numbers!
System cannot be resolved in whole numbers!
System cannot be resolved in whole numbers!
System cannot be resolved in whole numbers!
System cannot be resolved in whole numbers!
System cannot be resolved in whole numbers!
System cannot be resolved in whole numbers!
System cannot be resolved in whole numbers!
System cannot be resolved in whole numbers!
System cannot be resolved in whole numbers!
System cannot be resolved in whole numbers!
System cannot be resolved in whole numbers!
System cannot be resolved in whole numbers!
System cannot be resolved in whole numbers!
System cannot be resolved in whole numbers!
System cannot be resolved in whole numbers!
System cannot be resolved in whole numbers!
System cannot be resolved in whole numbers!
System cannot be resolved in whole numbers!
System cannot be resolved in whole numbers!
System cannot be resolved in whole numbers!
System cannot be resolved in whole numbers!
System cannot be resolved in whole numbers!
System cannot be resolved in whole numbers!
System cannot be resolved in whole numbers!
System cannot be resolved in whole numbers!
System cannot be resolved in whole numbers!
System cannot be resolved in whole numbers!
System cannot be resolved in whole numbers!
System cannot be resolved in whole numbers!
System cannot be resolved in whole numbers!
System cannot be resolved in whole numbers!
System cannot be resolved in whole numbers!
System cannot be resolved in whole numbers!
System cannot be resolved in whole numbers!
System cannot be resolved in whole numbers!
System cannot be resolved in whole numbers!
System cannot be resolved in whole numbers!
System cannot be resolved in whole numbers!
System cannot be resolved in whole numbers!
System cannot be resolved in whole numbers!
System cannot be resolved in whole numbers!
System cannot be resolved in whole numbers!
System cannot be resolved in whole numbers!
System cannot be resolved in whole numbers!
System cannot be resolved in whole numbers!
System cannot be resolved in whole numbers!
System cannot be resolved in whole numbers!
System cannot be resolved in whole numbers!
System cannot be resolved in whole numbers!
System cannot be resolved in whole numbers!
System cannot be resolved in whole numbers!
System cannot be resolved in whole numbers!
System cannot be resolved in whole numbers!
System cannot be resolved in whole numbers!
System cannot be resolved in whole numbers!
System cannot be resolved in whole numbers!
System cannot be resolved in whole numbers!
System cannot be resolved in whole numbers!
System cannot be resolved in whole numbers!
System cannot be resolved in whole numbers!
System cannot be resolved in whole numbers!
System cannot be resolved in whole numbers!
System cannot be resolved in whole numbers!
System cannot be resolved in whole numbers!
System cannot be resolved in whole numbers!
System cannot be resolved in whole numbers!
System cannot be resolved in whole numbers!
System cannot be resolved in whole numbers!
System cannot be resolved in whole numbers!
System cannot be resolved in whole numbers!
System cannot be resolved in whole numbers!
System cannot be resolved in whole numbers!
System cannot be resolved in whole numbers!
System cannot be resolved in whole numbers!
System cannot be resolved in whole numbers!
System cannot be resolved in whole numbers!
System cannot be resolved in whole numbers!
System cannot be resolved in whole numbers!
System cannot be resolved in whole numbers!
System cannot be resolved in whole numbers!
System cannot be resolved in whole numbers!
System cannot be resolved in whole numbers!
System cannot be resolved in whole numbers!
System cannot be resolved in whole numbers!
System cannot be resolved in whole numbers!
System cannot be resolved in whole numbers!
System cannot be resolved in whole numbers!
System cannot be resolved in whole numbers!
System cannot be resolved in whole numbers!
System cannot be resolved in whole numbers!
System cannot be resolved in whole numbers!
System cannot be resolved in whole numbers!
System cannot be resolved in whole numbers!
System cannot be resolved in whole numbers!
System cannot be resolved in whole numbers!
System cannot be resolved in whole numbers!
System cannot be resolved in whole numbers!
System cannot be resolved in whole numbers!
System cannot be resolved in whole numbers!
System cannot be resolved in whole numbers!
System cannot be resolved in whole numbers!
System cannot be resolved in whole numbers!
System cannot be resolved in whole numbers!
System cannot be resolved in whole numbers!
System cannot be resolved in whole numbers!
System cannot be resolved in whole numbers!
System cannot be resolved in whole numbers!
System cannot be resolved in whole numbers!
System cannot be resolved in whole numbers!
System cannot be resolved in whole numbers!
System cannot be resolved in whole numbers!
System cannot be resolved in whole numbers!
System cannot be resolved in whole numbers!
System cannot be resolved in whole numbers!
System cannot be resolved in whole numbers!
System cannot be resolved in whole numbers!
System cannot be resolved in whole numbers!
System cannot be resolved in whole numbers!
System cannot be resolved in whole numbers!
System cannot be resolved in whole numbers!
System cannot be resolved in whole numbers!
System cannot be resolved in whole numbers!
System cannot be resolved in whole numbers!
System cannot be resolved in whole numbers!
System cannot be resolved in whole numbers!
System cannot be resolved in whole numbers!
System cannot be resolved in whole numbers!
System cannot be resolved in whole numbers!
System cannot be resolved in whole numbers!
System cannot be resolved in whole numbers!
System cannot be resolved in whole numbers!
System cannot be resolved in whole numbers!
System cannot be resolved in whole numbers!
System cannot be resolved in whole numbers!
System cannot be resolved in whole numbers!
System cannot be resolved in whole numbers!
System cannot be resolved in whole numbers!
System cannot be resolved in whole numbers!
System cannot be resolved in whole numbers!
System cannot be resolved in whole numbers!
System cannot be resolved in whole numbers!
System cannot be resolved in whole numbers!
System cannot be resolved in whole numbers!
System cannot be resolved in whole numbers!
System cannot be resolved in whole numbers!
System cannot be resolved in whole numbers!
System cannot be resolved in whole numbers!
System cannot be resolved in whole numbers!
System cannot be resolved in whole numbers!
System cannot be resolved in whole numbers!
System cannot be resolved in whole numbers!
System cannot be resolved in whole numbers!
System cannot be resolved in whole numbers!
System cannot be resolved in whole numbers!
System cannot be resolved in whole numbers!
System cannot be resolved in whole numbers!
System cannot be resolved in whole numbers!
System cannot be resolved in whole numbers!
System cannot be resolved in whole numbers!
System cannot be resolved in whole numbers!
System cannot be resolved in whole numbers!
System cannot be resolved in whole numbers!
System cannot be resolved in whole numbers!
System cannot be resolved in whole numbers!
System cannot be resolved in whole numbers!
System cannot be resolved in whole numbers!
System cannot be resolved in whole numbers!
System cannot be resolved in whole numbers!
System cannot be resolved in whole numbers!
System cannot be resolved in whole numbers!
System cannot be resolved in whole numbers!
System cannot be resolved in whole numbers!
System cannot be resolved in whole numbers!
System cannot be resolved in whole numbers!
System cannot be resolved in whole numbers!
System cannot be resolved in whole numbers!
System cannot be resolved in whole numbers!
System cannot be resolved in whole numbers!
System cannot be resolved in whole numbers!
System cannot be resolved in whole numbers!
System cannot be resolved in whole numbers!
System cannot be resolved in whole numbers!
System cannot be resolved in whole numbers!
System cannot be resolved in whole numbers!
System cannot be resolved in whole numbers!
System cannot be resolved in whole numbers!
System cannot be resolved in whole numbers!
System cannot be resolved in whole numbers!
System cannot be resolved in whole numbers!
System cannot be resolved in whole numbers!
System cannot be resolved in whole numbers!
System cannot be resolved in whole numbers!
System cannot be resolved in whole numbers!
System cannot be resolved in whole numbers!
System cannot be resolved in whole numbers!
System cannot be resolved in whole numbers!
System cannot be resolved in whole numbers!
System cannot be resolved in whole numbers!
System cannot be resolved in whole numbers!
System cannot be resolved in whole numbers!
System cannot be resolved in whole numbers!
System cannot be resolved in whole numbers!
System cannot be resolved in whole numbers!
System cannot be resolved in whole numbers!
System cannot be resolved in whole numbers!
System cannot be resolved in whole numbers!
System cannot be resolved in whole numbers!
System cannot be resolved in whole numbers!
System cannot be resolved in whole numbers!
System cannot be resolved in whole numbers!
System cannot be resolved in whole numbers!
System cannot be resolved in whole numbers!
System cannot be resolved in whole numbers!
System cannot be resolved in whole numbers!
System cannot be resolved in whole numbers!
System cannot be resolved in whole numbers!
System cannot be resolved in whole numbers!
System cannot be resolved in whole numbers!
System cannot be resolved in whole numbers!
System cannot be resolved in whole numbers!
System cannot be resolved in whole numbers!
System cannot be resolved in whole numbers!
System cannot be resolved in whole numbers!
System cannot be resolved in whole numbers!
System cannot be resolved in whole numbers!
System cannot be resolved in whole numbers!
System cannot be resolved in whole numbers!
System cannot be resolved in whole numbers!
System cannot be resolved in whole numbers!
System cannot be resolved in whole numbers!
System cannot be resolved in whole numbers!
System cannot be resolved in whole numbers!
System cannot be resolved in whole numbers!
System cannot be resolved in whole numbers!
System cannot be resolved in whole numbers!
System cannot be resolved in whole numbers!
System cannot be resolved in whole numbers!
System cannot be resolved in whole numbers!
System cannot be resolved in whole numbers!
System cannot be resolved in whole numbers!
System cannot be resolved in whole numbers!
System cannot be resolved in whole numbers!
System cannot be resolved in whole numbers!
System cannot be resolved in whole numbers!
System cannot be resolved in whole numbers!
System cannot be resolved in whole numbers!
System cannot be resolved in whole numbers!
System cannot be resolved in whole numbers!
System cannot be resolved in whole numbers!
System cannot be resolved in whole numbers!
System cannot be resolved in whole numbers!
System cannot be resolved in whole numbers!
System cannot be resolved in whole numbers!
System cannot be resolved in whole numbers!
System cannot be resolved in whole numbers!
System cannot be resolved in whole numbers!
System cannot be resolved in whole numbers!
System cannot be resolved in whole numbers!
System cannot be resolved in whole numbers!
System cannot be resolved in whole numbers!
System cannot be resolved in whole numbers!
System cannot be resolved in whole numbers!
System cannot be resolved in whole numbers!
System cannot be resolved in whole numbers!
System cannot be resolved in whole numbers!
System cannot be resolved in whole numbers!
System cannot be resolved in whole numbers!
System cannot be resolved in whole numbers!
System cannot be resolved in whole numbers!
System cannot be resolved in whole numbers!
System cannot be resolved in whole numbers!
System cannot be resolved in whole numbers!
System cannot be resolved in whole numbers!
System cannot be resolved in whole numbers!
System cannot be resolved in whole numbers!
System cannot be resolved in whole numbers!
System cannot be resolved in whole numbers!
System cannot be resolved in whole numbers!
System cannot be resolved in whole numbers!
System cannot be resolved in whole numbers!
System cannot be resolved in whole numbers!
System cannot be resolved in whole numbers!
System cannot be resolved in whole numbers!
System cannot be resolved in whole numbers!
System cannot be resolved in whole numbers!
System cannot be resolved in whole numbers!
System cannot be resolved in whole numbers!
System cannot be resolved in whole numbers!
System cannot be resolved in whole numbers!
System cannot be resolved in whole numbers!
System cannot be resolved in whole numbers!
System cannot be resolved in whole numbers!
System cannot be resolved in whole numbers!
System cannot be resolved in whole numbers!
System cannot be resolved in whole numbers!
System cannot be resolved in whole numbers!
System cannot be resolved in whole numbers!
System cannot be resolved in whole numbers!
System cannot be resolved in whole numbers!
System cannot be resolved in whole numbers!
System cannot be resolved in whole numbers!
System cannot be resolved in whole numbers!
System cannot be resolved in whole numbers!
System cannot be resolved in whole numbers!
System cannot be resolved in whole numbers!
System cannot be resolved in whole numbers!
System cannot be resolved in whole numbers!
System cannot be resolved in whole numbers!
System cannot be resolved in whole numbers!
System cannot be resolved in whole numbers!
System cannot be resolved in whole numbers!
System cannot be resolved in whole numbers!
System cannot be resolved in whole numbers!
System cannot be resolved in whole numbers!
System cannot be resolved in whole numbers!
System cannot be resolved in whole numbers!
System cannot be resolved in whole numbers!
System cannot be resolved in whole numbers!
System cannot be resolved in whole numbers!
System cannot be resolved in whole numbers!
System cannot be resolved in whole numbers!
System cannot be resolved in whole numbers!
System cannot be resolved in whole numbers!
System cannot be resolved in whole numbers!
System cannot be resolved in whole numbers!
System cannot be resolved in whole numbers!
System cannot be resolved in whole numbers!
System cannot be resolved in whole numbers!
System cannot be resolved in whole numbers!
System cannot be resolved in whole numbers!
System cannot be resolved in whole numbers!
System cannot be resolved in whole numbers!
System cannot be resolved in whole numbers!
System cannot be resolved in whole numbers!
System cannot be resolved in whole numbers!
System cannot be resolved in whole numbers!
System cannot be resolved in whole numbers!
System cannot be resolved in whole numbers!
System cannot be resolved in whole numbers!
System cannot be resolved in whole numbers!
System cannot be resolved in whole numbers!
System cannot be resolved in whole numbers!
System cannot be resolved in whole numbers!
System cannot be resolved in whole numbers!
System cannot be resolved in whole numbers!
System cannot be resolved in whole numbers!
System cannot be resolved in whole numbers!
System cannot be resolved in whole numbers!
System cannot be resolved in whole numbers!
System cannot be resolved in whole numbers!
System cannot be resolved in whole numbers!
System cannot be resolved in whole numbers!
System cannot be resolved in whole numbers!
System cannot be resolved in whole numbers!
System cannot be resolved in whole numbers!
System cannot be resolved in whole numbers!
System cannot be resolved in whole numbers!
System cannot be resolved in whole numbers!
System cannot be resolved in whole numbers!
System cannot be resolved in whole numbers!
System cannot be resolved in whole numbers!
System cannot be resolved in whole numbers!
System cannot be resolved in whole numbers!
System cannot be resolved in whole numbers!
System cannot be resolved in whole numbers!
System cannot be resolved in whole numbers!
System cannot be resolved in whole numbers!
System cannot be resolved in whole numbers!
System cannot be resolved in whole numbers!
System cannot be resolved in whole numbers!
System cannot be resolved in whole numbers!
System cannot be resolved in whole numbers!
System cannot be resolved in whole numbers!
System cannot be resolved in whole numbers!
System cannot be resolved in whole numbers!
System cannot be resolved in whole numbers!
System cannot be resolved in whole numbers!
System cannot be resolved in whole numbers!
System cannot be resolved in whole numbers!
System cannot be resolved in whole numbers!
System cannot be resolved in whole numbers!
System cannot be resolved in whole numbers!
System cannot be resolved in whole numbers!
System cannot be resolved in whole numbers!
System cannot be resolved in whole numbers!
System cannot be resolved in whole numbers!
System cannot be resolved in whole numbers!
System cannot be resolved in whole numbers!
System cannot be resolved in whole numbers!
System cannot be resolved in whole numbers!
System cannot be resolved in whole numbers!
System cannot be resolved in whole numbers!
System cannot be resolved in whole numbers!
System cannot be resolved in whole numbers!
System cannot be resolved in whole numbers!
System cannot be resolved in whole numbers!
System cannot be resolved in whole numbers!
System cannot be resolved in whole numbers!
System cannot be resolved in whole numbers!
System cannot be resolved in whole numbers!
System cannot be resolved in whole numbers!
System cannot be resolved in whole numbers!
System cannot be resolved in whole numbers!
System cannot be resolved in whole numbers!
System cannot be resolved in whole numbers!
System cannot be resolved in whole numbers!
System cannot be resolved in whole numbers!
System cannot be resolved in whole numbers!
System cannot be resolved in whole numbers!
System cannot be resolved in whole numbers!
System cannot be resolved in whole numbers!
System cannot be resolved in whole numbers!
System cannot be resolved in whole numbers!
System cannot be resolved in whole numbers!
System cannot be resolved in whole numbers!
System cannot be resolved in whole numbers!
System cannot be resolved in whole numbers!
System cannot be resolved in whole numbers!
System cannot be resolved in whole numbers!
System cannot be resolved in whole numbers!
System cannot be resolved in whole numbers!
System cannot be resolved in whole numbers!
System cannot be resolved in whole numbers!
System cannot be resolved in whole numbers!
System cannot be resolved in whole numbers!
System cannot be resolved in whole numbers!
System cannot be resolved in whole numbers!
System cannot be resolved in whole numbers!
System cannot be resolved in whole numbers!
System cannot be resolved in whole numbers!
System cannot be resolved in whole numbers!
System cannot be resolved in whole numbers!
System cannot be resolved in whole numbers!
System cannot be resolved in whole numbers!
System cannot be resolved in whole numbers!
Particular solution is [I@cc43f62 + t_2*[0, 1, 0, 0, 0, 0, 0] + t_1*[1, -2, -1, 0, 0, 0, 0] + t_1*[93, 170, 606, -1, 0, 0, 0] + t_1*[47, 100, 338, 252, -1, 0, 0] + t_1*[-63, -179, -550, -191, 880632288, 3, 0] + t_5*[0, 0, 0, 0, -926919, 16177852, 9282] + t_1*[-37, -22, -144, -322, 1291836916, -1370991299, 10647] + t_1*[100, 202, 694, -73, -487659772, -1747652588, 8519] + t_1*[-3, -1, -9, -151, -639119802, 197958905, -7217]
System cannot be resolved in whole numbers!
System cannot be resolved in whole numbers!
System cannot be resolved in whole numbers!
System cannot be resolved in whole numbers!
System cannot be resolved in whole numbers!
System cannot be resolved in whole numbers!
System cannot be resolved in whole numbers!
System cannot be resolved in whole numbers!
System cannot be resolved in whole numbers!
System cannot be resolved in whole numbers!
System cannot be resolved in whole numbers!
System cannot be resolved in whole numbers!
System cannot be resolved in whole numbers!
System cannot be resolved in whole numbers!
System cannot be resolved in whole numbers!
System cannot be resolved in whole numbers!
System cannot be resolved in whole numbers!
System cannot be resolved in whole numbers!
System cannot be resolved in whole numbers!
System cannot be resolved in whole numbers!
System cannot be resolved in whole numbers!
System cannot be resolved in whole numbers!
System cannot be resolved in whole numbers!
System cannot be resolved in whole numbers!
System cannot be resolved in whole numbers!
System cannot be resolved in whole numbers!
System cannot be resolved in whole numbers!
System cannot be resolved in whole numbers!
System cannot be resolved in whole numbers!
System cannot be resolved in whole numbers!
System cannot be resolved in whole numbers!
System cannot be resolved in whole numbers!
System cannot be resolved in whole numbers!
System cannot be resolved in whole numbers!
System cannot be resolved in whole numbers!
System cannot be resolved in whole numbers!
System cannot be resolved in whole numbers!
System cannot be resolved in whole numbers!
System cannot be resolved in whole numbers!
System cannot be resolved in whole numbers!
System cannot be resolved in whole numbers!
System cannot be resolved in whole numbers!
System cannot be resolved in whole numbers!
System cannot be resolved in whole numbers!
System cannot be resolved in whole numbers!
System cannot be resolved in whole numbers!
System cannot be resolved in whole numbers!
System cannot be resolved in whole numbers!
System cannot be resolved in whole numbers!
System cannot be resolved in whole numbers!
System cannot be resolved in whole numbers!
System cannot be resolved in whole numbers!
System cannot be resolved in whole numbers!
System cannot be resolved in whole numbers!
System cannot be resolved in whole numbers!
System cannot be resolved in whole numbers!
System cannot be resolved in whole numbers!
System cannot be resolved in whole numbers!
System cannot be resolved in whole numbers!
System cannot be resolved in whole numbers!
System cannot be resolved in whole numbers!
System cannot be resolved in whole numbers!
System cannot be resolved in whole numbers!
System cannot be resolved in whole numbers!
System cannot be resolved in whole numbers!
System cannot be resolved in whole numbers!
System cannot be resolved in whole numbers!
System cannot be resolved in whole numbers!
System cannot be resolved in whole numbers!
System cannot be resolved in whole numbers!
System cannot be resolved in whole numbers!
System cannot be resolved in whole numbers!
System cannot be resolved in whole numbers!
System cannot be resolved in whole numbers!
System cannot be resolved in whole numbers!
System cannot be resolved in whole numbers!
System cannot be resolved in whole numbers!
System cannot be resolved in whole numbers!
System cannot be resolved in whole numbers!
System cannot be resolved in whole numbers!
System cannot be resolved in whole numbers!
System cannot be resolved in whole numbers!
System cannot be resolved in whole numbers!
System cannot be resolved in whole numbers!
System cannot be resolved in whole numbers!
System cannot be resolved in whole numbers!
System cannot be resolved in whole numbers!
System cannot be resolved in whole numbers!
System cannot be resolved in whole numbers!
System cannot be resolved in whole numbers!
System cannot be resolved in whole numbers!
System cannot be resolved in whole numbers!
System cannot be resolved in whole numbers!
System cannot be resolved in whole numbers!
System cannot be resolved in whole numbers!
System cannot be resolved in whole numbers!
System cannot be resolved in whole numbers!
System cannot be resolved in whole numbers!
System cannot be resolved in whole numbers!
System cannot be resolved in whole numbers!
System cannot be resolved in whole numbers!
System cannot be resolved in whole numbers!
System cannot be resolved in whole numbers!
System cannot be resolved in whole numbers!
System cannot be resolved in whole numbers!
System cannot be resolved in whole numbers!
System cannot be resolved in whole numbers!
System cannot be resolved in whole numbers!
System cannot be resolved in whole numbers!
System cannot be resolved in whole numbers!
System cannot be resolved in whole numbers!
System cannot be resolved in whole numbers!
System cannot be resolved in whole numbers!
System cannot be resolved in whole numbers!
System cannot be resolved in whole numbers!
System cannot be resolved in whole numbers!
System cannot be resolved in whole numbers!
System cannot be resolved in whole numbers!
System cannot be resolved in whole numbers!
System cannot be resolved in whole numbers!
System cannot be resolved in whole numbers!
System cannot be resolved in whole numbers!
System cannot be resolved in whole numbers!
System cannot be resolved in whole numbers!
System cannot be resolved in whole numbers!
System cannot be resolved in whole numbers!
System cannot be resolved in whole numbers!
System cannot be resolved in whole numbers!
System cannot be resolved in whole numbers!
System cannot be resolved in whole numbers!
System cannot be resolved in whole numbers!
System cannot be resolved in whole numbers!
System cannot be resolved in whole numbers!
System cannot be resolved in whole numbers!
System cannot be resolved in whole numbers!
System cannot be resolved in whole numbers!
System cannot be resolved in whole numbers!
System cannot be resolved in whole numbers!
System cannot be resolved in whole numbers!
System cannot be resolved in whole numbers!
System cannot be resolved in whole numbers!
System cannot be resolved in whole numbers!
System cannot be resolved in whole numbers!
System cannot be resolved in whole numbers!
System cannot be resolved in whole numbers!
System cannot be resolved in whole numbers!
System cannot be resolved in whole numbers!
System cannot be resolved in whole numbers!
System cannot be resolved in whole numbers!
System cannot be resolved in whole numbers!
System cannot be resolved in whole numbers!
System cannot be resolved in whole numbers!
System cannot be resolved in whole numbers!
System cannot be resolved in whole numbers!
System cannot be resolved in whole numbers!
System cannot be resolved in whole numbers!
System cannot be resolved in whole numbers!
System cannot be resolved in whole numbers!
System cannot be resolved in whole numbers!
System cannot be resolved in whole numbers!
System cannot be resolved in whole numbers!
System cannot be resolved in whole numbers!
System cannot be resolved in whole numbers!
System cannot be resolved in whole numbers!
System cannot be resolved in whole numbers!
System cannot be resolved in whole numbers!
System cannot be resolved in whole numbers!
System cannot be resolved in whole numbers!
System cannot be resolved in whole numbers!
System cannot be resolved in whole numbers!
System cannot be resolved in whole numbers!
System cannot be resolved in whole numbers!
System cannot be resolved in whole numbers!
System cannot be resolved in whole numbers!
System cannot be resolved in whole numbers!
System cannot be resolved in whole numbers!
System cannot be resolved in whole numbers!
System cannot be resolved in whole numbers!
System cannot be resolved in whole numbers!
System cannot be resolved in whole numbers!
System cannot be resolved in whole numbers!
System cannot be resolved in whole numbers!
System cannot be resolved in whole numbers!
System cannot be resolved in whole numbers!
System cannot be resolved in whole numbers!
System cannot be resolved in whole numbers!
System cannot be resolved in whole numbers!
System cannot be resolved in whole numbers!
System cannot be resolved in whole numbers!
System cannot be resolved in whole numbers!
System cannot be resolved in whole numbers!
System cannot be resolved in whole numbers!
System cannot be resolved in whole numbers!
System cannot be resolved in whole numbers!
System cannot be resolved in whole numbers!
System cannot be resolved in whole numbers!
System cannot be resolved in whole numbers!
System cannot be resolved in whole numbers!
System cannot be resolved in whole numbers!
System cannot be resolved in whole numbers!
System cannot be resolved in whole numbers!
System cannot be resolved in whole numbers!
System cannot be resolved in whole numbers!
System cannot be resolved in whole numbers!
System cannot be resolved in whole numbers!
System cannot be resolved in whole numbers!
System cannot be resolved in whole numbers!
System cannot be resolved in whole numbers!
System cannot be resolved in whole numbers!
System cannot be resolved in whole numbers!
System cannot be resolved in whole numbers!
System cannot be resolved in whole numbers!
System cannot be resolved in whole numbers!
System cannot be resolved in whole numbers!
System cannot be resolved in whole numbers!
System cannot be resolved in whole numbers!
System cannot be resolved in whole numbers!
System cannot be resolved in whole numbers!
System cannot be resolved in whole numbers!
System cannot be resolved in whole numbers!
System cannot be resolved in whole numbers!
System cannot be resolved in whole numbers!
System cannot be resolved in whole numbers!
System cannot be resolved in whole numbers!
System cannot be resolved in whole numbers!
System cannot be resolved in whole numbers!
System cannot be resolved in whole numbers!
System cannot be resolved in whole numbers!
System cannot be resolved in whole numbers!
System cannot be resolved in whole numbers!
System cannot be resolved in whole numbers!
System cannot be resolved in whole numbers!
System cannot be resolved in whole numbers!
System cannot be resolved in whole numbers!
System cannot be resolved in whole numbers!
System cannot be resolved in whole numbers!
System cannot be resolved in whole numbers!
System cannot be resolved in whole numbers!
System cannot be resolved in whole numbers!
System cannot be resolved in whole numbers!
System cannot be resolved in whole numbers!
System cannot be resolved in whole numbers!
System cannot be resolved in whole numbers!
System cannot be resolved in whole numbers!
System cannot be resolved in whole numbers!
System cannot be resolved in whole numbers!
System cannot be resolved in whole numbers!
System cannot be resolved in whole numbers!
System cannot be resolved in whole numbers!
System cannot be resolved in whole numbers!
System cannot be resolved in whole numbers!
System cannot be resolved in whole numbers!
System cannot be resolved in whole numbers!
System cannot be resolved in whole numbers!
System cannot be resolved in whole numbers!
System cannot be resolved in whole numbers!
System cannot be resolved in whole numbers!
System cannot be resolved in whole numbers!
System cannot be resolved in whole numbers!
System cannot be resolved in whole numbers!
System cannot be resolved in whole numbers!
System cannot be resolved in whole numbers!
System cannot be resolved in whole numbers!
System cannot be resolved in whole numbers!
System cannot be resolved in whole numbers!
System cannot be resolved in whole numbers!
System cannot be resolved in whole numbers!
System cannot be resolved in whole numbers!
System cannot be resolved in whole numbers!
System cannot be resolved in whole numbers!
System cannot be resolved in whole numbers!
System cannot be resolved in whole numbers!
System cannot be resolved in whole numbers!
System cannot be resolved in whole numbers!
System cannot be resolved in whole numbers!
System cannot be resolved in whole numbers!
System cannot be resolved in whole numbers!
System cannot be resolved in whole numbers!
System cannot be resolved in whole numbers!
System cannot be resolved in whole numbers!
System cannot be resolved in whole numbers!
System cannot be resolved in whole numbers!
System cannot be resolved in whole numbers!
System cannot be resolved in whole numbers!
System cannot be resolved in whole numbers!
System cannot be resolved in whole numbers!
System cannot be resolved in whole numbers!
System cannot be resolved in whole numbers!
System cannot be resolved in whole numbers!
System cannot be resolved in whole numbers!
System cannot be resolved in whole numbers!
System cannot be resolved in whole numbers!
System cannot be resolved in whole numbers!
System cannot be resolved in whole numbers!
System cannot be resolved in whole numbers!
System cannot be resolved in whole numbers!
System cannot be resolved in whole numbers!
System cannot be resolved in whole numbers!
System cannot be resolved in whole numbers!
System cannot be resolved in whole numbers!
System cannot be resolved in whole numbers!
System cannot be resolved in whole numbers!
System cannot be resolved in whole numbers!
System cannot be resolved in whole numbers!
System cannot be resolved in whole numbers!
System cannot be resolved in whole numbers!
System cannot be resolved in whole numbers!
System cannot be resolved in whole numbers!
System cannot be resolved in whole numbers!
System cannot be resolved in whole numbers!
System cannot be resolved in whole numbers!
System cannot be resolved in whole numbers!
System cannot be resolved in whole numbers!
System cannot be resolved in whole numbers!
System cannot be resolved in whole numbers!
System cannot be resolved in whole numbers!
System cannot be resolved in whole numbers!
System cannot be resolved in whole numbers!
System cannot be resolved in whole numbers!
System cannot be resolved in whole numbers!
System cannot be resolved in whole numbers!
System cannot be resolved in whole numbers!
System cannot be resolved in whole numbers!
System cannot be resolved in whole numbers!
System cannot be resolved in whole numbers!
System cannot be resolved in whole numbers!
System cannot be resolved in whole numbers!
System cannot be resolved in whole numbers!
System cannot be resolved in whole numbers!
System cannot be resolved in whole numbers!
System cannot be resolved in whole numbers!
System cannot be resolved in whole numbers!
System cannot be resolved in whole numbers!
System cannot be resolved in whole numbers!
System cannot be resolved in whole numbers!
System cannot be resolved in whole numbers!
System cannot be resolved in whole numbers!
System cannot be resolved in whole numbers!
System cannot be resolved in whole numbers!
System cannot be resolved in whole numbers!
System cannot be resolved in whole numbers!
System cannot be resolved in whole numbers!
System cannot be resolved in whole numbers!
System cannot be resolved in whole numbers!
System cannot be resolved in whole numbers!
System cannot be resolved in whole numbers!
System cannot be resolved in whole numbers!
System cannot be resolved in whole numbers!
System cannot be resolved in whole numbers!
System cannot be resolved in whole numbers!
System cannot be resolved in whole numbers!
System cannot be resolved in whole numbers!
System cannot be resolved in whole numbers!
System cannot be resolved in whole numbers!
System cannot be resolved in whole numbers!
System cannot be resolved in whole numbers!
System cannot be resolved in whole numbers!
System cannot be resolved in whole numbers!
System cannot be resolved in whole numbers!
System cannot be resolved in whole numbers!
System cannot be resolved in whole numbers!
System cannot be resolved in whole numbers!
System cannot be resolved in whole numbers!
System cannot be resolved in whole numbers!
System cannot be resolved in whole numbers!
System cannot be resolved in whole numbers!
System cannot be resolved in whole numbers!
System cannot be resolved in whole numbers!
System cannot be resolved in whole numbers!
System cannot be resolved in whole numbers!
System cannot be resolved in whole numbers!
System cannot be resolved in whole numbers!
System cannot be resolved in whole numbers!
System cannot be resolved in whole numbers!
System cannot be resolved in whole numbers!
System cannot be resolved in whole numbers!
System cannot be resolved in whole numbers!
System cannot be resolved in whole numbers!
System cannot be resolved in whole numbers!
System cannot be resolved in whole numbers!
System cannot be resolved in whole numbers!
System cannot be resolved in whole numbers!
System cannot be resolved in whole numbers!
System cannot be resolved in whole numbers!
System cannot be resolved in whole numbers!
System cannot be resolved in whole numbers!
System cannot be resolved in whole numbers!
System cannot be resolved in whole numbers!
System cannot be resolved in whole numbers!
System cannot be resolved in whole numbers!
System cannot be resolved in whole numbers!
System cannot be resolved in whole numbers!
System cannot be resolved in whole numbers!
System cannot be resolved in whole numbers!
System cannot be resolved in whole numbers!
System cannot be resolved in whole numbers!
System cannot be resolved in whole numbers!
System cannot be resolved in whole numbers!
System cannot be resolved in whole numbers!
System cannot be resolved in whole numbers!
System cannot be resolved in whole numbers!
System cannot be resolved in whole numbers!
System cannot be resolved in whole numbers!
System cannot be resolved in whole numbers!
System cannot be resolved in whole numbers!
System cannot be resolved in whole numbers!
System cannot be resolved in whole numbers!
System cannot be resolved in whole numbers!
System cannot be resolved in whole numbers!
System cannot be resolved in whole numbers!
System cannot be resolved in whole numbers!
System cannot be resolved in whole numbers!
System cannot be resolved in whole numbers!
System cannot be resolved in whole numbers!
System cannot be resolved in whole numbers!
System cannot be resolved in whole numbers!
System cannot be resolved in whole numbers!
System cannot be resolved in whole numbers!
System cannot be resolved in whole numbers!
System cannot be resolved in whole numbers!
System cannot be resolved in whole numbers!
System cannot be resolved in whole numbers!
System cannot be resolved in whole numbers!
System cannot be resolved in whole numbers!
System cannot be resolved in whole numbers!
System cannot be resolved in whole numbers!
System cannot be resolved in whole numbers!
System cannot be resolved in whole numbers!
System cannot be resolved in whole numbers!
System cannot be resolved in whole numbers!
System cannot be resolved in whole numbers!
System cannot be resolved in whole numbers!
System cannot be resolved in whole numbers!
System cannot be resolved in whole numbers!
System cannot be resolved in whole numbers!
System cannot be resolved in whole numbers!
System cannot be resolved in whole numbers!
System cannot be resolved in whole numbers!
System cannot be resolved in whole numbers!
System cannot be resolved in whole numbers!
System cannot be resolved in whole numbers!
System cannot be resolved in whole numbers!
System cannot be resolved in whole numbers!
System cannot be resolved in whole numbers!
System cannot be resolved in whole numbers!
System cannot be resolved in whole numbers!
System cannot be resolved in whole numbers!
System cannot be resolved in whole numbers!
System cannot be resolved in whole numbers!
System cannot be resolved in whole numbers!
System cannot be resolved in whole numbers!
System cannot be resolved in whole numbers!
System cannot be resolved in whole numbers!
System cannot be resolved in whole numbers!
System cannot be resolved in whole numbers!
System cannot be resolved in whole numbers!
System cannot be resolved in whole numbers!
System cannot be resolved in whole numbers!
System cannot be resolved in whole numbers!
System cannot be resolved in whole numbers!
System cannot be resolved in whole numbers!
System cannot be resolved in whole numbers!
System cannot be resolved in whole numbers!
System cannot be resolved in whole numbers!
System cannot be resolved in whole numbers!
System cannot be resolved in whole numbers!
System cannot be resolved in whole numbers!
System cannot be resolved in whole numbers!
System cannot be resolved in whole numbers!
System cannot be resolved in whole numbers!
System cannot be resolved in whole numbers!
System cannot be resolved in whole numbers!
System cannot be resolved in whole numbers!
System cannot be resolved in whole numbers!
System cannot be resolved in whole numbers!
System cannot be resolved in whole numbers!
System cannot be resolved in whole numbers!
System cannot be resolved in whole numbers!
System cannot be resolved in whole numbers!
System cannot be resolved in whole numbers!
System cannot be resolved in whole numbers!
System cannot be resolved in whole numbers!
System cannot be resolved in whole numbers!
System cannot be resolved in whole numbers!
System cannot be resolved in whole numbers!
System cannot be resolved in whole numbers!
System cannot be resolved in whole numbers!
System cannot be resolved in whole numbers!
System cannot be resolved in whole numbers!
System cannot be resolved in whole numbers!
System cannot be resolved in whole numbers!
System cannot be resolved in whole numbers!
System cannot be resolved in whole numbers!
System cannot be resolved in whole numbers!
System cannot be resolved in whole numbers!
System cannot be resolved in whole numbers!
System cannot be resolved in whole numbers!
System cannot be resolved in whole numbers!
System cannot be resolved in whole numbers!
System cannot be resolved in whole numbers!
System cannot be resolved in whole numbers!
System cannot be resolved in whole numbers!
System cannot be resolved in whole numbers!
System cannot be resolved in whole numbers!
System cannot be resolved in whole numbers!
System cannot be resolved in whole numbers!
System cannot be resolved in whole numbers!
System cannot be resolved in whole numbers!
System cannot be resolved in whole numbers!
System cannot be resolved in whole numbers!
System cannot be resolved in whole numbers!
System cannot be resolved in whole numbers!
System cannot be resolved in whole numbers!
System cannot be resolved in whole numbers!
System cannot be resolved in whole numbers!
System cannot be resolved in whole numbers!
System cannot be resolved in whole numbers!
System cannot be resolved in whole numbers!
System cannot be resolved in whole numbers!
System cannot be resolved in whole numbers!
System cannot be resolved in whole numbers!
System cannot be resolved in whole numbers!
System cannot be resolved in whole numbers!
System cannot be resolved in whole numbers!
System cannot be resolved in whole numbers!
System cannot be resolved in whole numbers!
System cannot be resolved in whole numbers!
System cannot be resolved in whole numbers!
System cannot be resolved in whole numbers!
System cannot be resolved in whole numbers!
System cannot be resolved in whole numbers!
System cannot be resolved in whole numbers!
System cannot be resolved in whole numbers!
System cannot be resolved in whole numbers!
System cannot be resolved in whole numbers!
System cannot be resolved in whole numbers!
System cannot be resolved in whole numbers!
System cannot be resolved in whole numbers!
System cannot be resolved in whole numbers!
System cannot be resolved in whole numbers!
System cannot be resolved in whole numbers!
System cannot be resolved in whole numbers!
System cannot be resolved in whole numbers!
System cannot be resolved in whole numbers!
System cannot be resolved in whole numbers!
System cannot be resolved in whole numbers!
System cannot be resolved in whole numbers!
System cannot be resolved in whole numbers!
System cannot be resolved in whole numbers!
System cannot be resolved in whole numbers!
System cannot be resolved in whole numbers!
System cannot be resolved in whole numbers!
System cannot be resolved in whole numbers!
System cannot be resolved in whole numbers!
System cannot be resolved in whole numbers!
System cannot be resolved in whole numbers!
System cannot be resolved in whole numbers!
System cannot be resolved in whole numbers!
System cannot be resolved in whole numbers!
System cannot be resolved in whole numbers!
System cannot be resolved in whole numbers!
System cannot be resolved in whole numbers!
System cannot be resolved in whole numbers!
System cannot be resolved in whole numbers!
System cannot be resolved in whole numbers!
System cannot be resolved in whole numbers!
System cannot be resolved in whole numbers!
System cannot be resolved in whole numbers!
System cannot be resolved in whole numbers!
System cannot be resolved in whole numbers!
System cannot be resolved in whole numbers!
System cannot be resolved in whole numbers!
System cannot be resolved in whole numbers!
System cannot be resolved in whole numbers!
System cannot be resolved in whole numbers!
System cannot be resolved in whole numbers!
System cannot be resolved in whole numbers!
System cannot be resolved in whole numbers!
System cannot be resolved in whole numbers!
System cannot be resolved in whole numbers!
System cannot be resolved in whole numbers!
System cannot be resolved in whole numbers!
System cannot be resolved in whole numbers!
System cannot be resolved in whole numbers!
System cannot be resolved in whole numbers!
System cannot be resolved in whole numbers!
System cannot be resolved in whole numbers!
System cannot be resolved in whole numbers!
System cannot be resolved in whole numbers!
System cannot be resolved in whole numbers!
System cannot be resolved in whole numbers!
System cannot be resolved in whole numbers!
System cannot be resolved in whole numbers!
System cannot be resolved in whole numbers!
System cannot be resolved in whole numbers!
System cannot be resolved in whole numbers!
System cannot be resolved in whole numbers!
System cannot be resolved in whole numbers!
System cannot be resolved in whole numbers!
System cannot be resolved in whole numbers!
System cannot be resolved in whole numbers!
System cannot be resolved in whole numbers!
System cannot be resolved in whole numbers!
System cannot be resolved in whole numbers!
System cannot be resolved in whole numbers!
System cannot be resolved in whole numbers!
System cannot be resolved in whole numbers!
System cannot be resolved in whole numbers!
System cannot be resolved in whole numbers!
System cannot be resolved in whole numbers!
System cannot be resolved in whole numbers!
System cannot be resolved in whole numbers!
System cannot be resolved in whole numbers!
System cannot be resolved in whole numbers!
System cannot be resolved in whole numbers!
System cannot be resolved in whole numbers!
System cannot be resolved in whole numbers!
System cannot be resolved in whole numbers!
System cannot be resolved in whole numbers!
System cannot be resolved in whole numbers!
System cannot be resolved in whole numbers!
System cannot be resolved in whole numbers!
System cannot be resolved in whole numbers!
System cannot be resolved in whole numbers!
System cannot be resolved in whole numbers!
System cannot be resolved in whole numbers!
System cannot be resolved in whole numbers!
System cannot be resolved in whole numbers!
System cannot be resolved in whole numbers!
System cannot be resolved in whole numbers!
System cannot be resolved in whole numbers!
System cannot be resolved in whole numbers!
System cannot be resolved in whole numbers!
System cannot be resolved in whole numbers!
System cannot be resolved in whole numbers!
System cannot be resolved in whole numbers!
System cannot be resolved in whole numbers!
System cannot be resolved in whole numbers!
System cannot be resolved in whole numbers!
System cannot be resolved in whole numbers!
System cannot be resolved in whole numbers!
System cannot be resolved in whole numbers!
System cannot be resolved in whole numbers!
System cannot be resolved in whole numbers!
System cannot be resolved in whole numbers!
System cannot be resolved in whole numbers!
System cannot be resolved in whole numbers!
System cannot be resolved in whole numbers!
System cannot be resolved in whole numbers!
System cannot be resolved in whole numbers!
System cannot be resolved in whole numbers!
System cannot be resolved in whole numbers!
System cannot be resolved in whole numbers!
System cannot be resolved in whole numbers!
System cannot be resolved in whole numbers!
System cannot be resolved in whole numbers!
System cannot be resolved in whole numbers!
System cannot be resolved in whole numbers!
System cannot be resolved in whole numbers!
System cannot be resolved in whole numbers!
System cannot be resolved in whole numbers!
System cannot be resolved in whole numbers!
System cannot be resolved in whole numbers!
System cannot be resolved in whole numbers!
System cannot be resolved in whole numbers!
System cannot be resolved in whole numbers!
System cannot be resolved in whole numbers!
System cannot be resolved in whole numbers!
System cannot be resolved in whole numbers!
System cannot be resolved in whole numbers!
System cannot be resolved in whole numbers!
System cannot be resolved in whole numbers!
System cannot be resolved in whole numbers!
System cannot be resolved in whole numbers!
System cannot be resolved in whole numbers!
System cannot be resolved in whole numbers!
System cannot be resolved in whole numbers!
System cannot be resolved in whole numbers!
System cannot be resolved in whole numbers!
System cannot be resolved in whole numbers!
System cannot be resolved in whole numbers!
System cannot be resolved in whole numbers!
System cannot be resolved in whole numbers!
System cannot be resolved in whole numbers!
System cannot be resolved in whole numbers!
System cannot be resolved in whole numbers!
System cannot be resolved in whole numbers!
System cannot be resolved in whole numbers!
System cannot be resolved in whole numbers!
System cannot be resolved in whole numbers!
System cannot be resolved in whole numbers!
System cannot be resolved in whole numbers!
System cannot be resolved in whole numbers!
System cannot be resolved in whole numbers!
System cannot be resolved in whole numbers!
System cannot be resolved in whole numbers!
System cannot be resolved in whole numbers!
System cannot be resolved in whole numbers!
System cannot be resolved in whole numbers!
System cannot be resolved in whole numbers!
System cannot be resolved in whole numbers!
System cannot be resolved in whole numbers!
System cannot be resolved in whole numbers!
System cannot be resolved in whole numbers!
System cannot be resolved in whole numbers!
System cannot be resolved in whole numbers!
System cannot be resolved in whole numbers!
System cannot be resolved in whole numbers!
System cannot be resolved in whole numbers!
System cannot be resolved in whole numbers!
System cannot be resolved in whole numbers!
System cannot be resolved in whole numbers!
System cannot be resolved in whole numbers!
System cannot be resolved in whole numbers!
System cannot be resolved in whole numbers!
System cannot be resolved in whole numbers!
System cannot be resolved in whole numbers!
System cannot be resolved in whole numbers!
System cannot be resolved in whole numbers!
System cannot be resolved in whole numbers!
System cannot be resolved in whole numbers!
System cannot be resolved in whole numbers!
System cannot be resolved in whole numbers!
System cannot be resolved in whole numbers!
System cannot be resolved in whole numbers!
System cannot be resolved in whole numbers!
System cannot be resolved in whole numbers!
System cannot be resolved in whole numbers!
System cannot be resolved in whole numbers!
System cannot be resolved in whole numbers!
System cannot be resolved in whole numbers!
System cannot be resolved in whole numbers!
System cannot be resolved in whole numbers!
System cannot be resolved in whole numbers!
System cannot be resolved in whole numbers!
System cannot be resolved in whole numbers!
System cannot be resolved in whole numbers!
System cannot be resolved in whole numbers!
System cannot be resolved in whole numbers!
System cannot be resolved in whole numbers!
System cannot be resolved in whole numbers!
System cannot be resolved in whole numbers!
System cannot be resolved in whole numbers!
System cannot be resolved in whole numbers!
System cannot be resolved in whole numbers!
System cannot be resolved in whole numbers!
System cannot be resolved in whole numbers!
System cannot be resolved in whole numbers!
System cannot be resolved in whole numbers!
System cannot be resolved in whole numbers!
System cannot be resolved in whole numbers!
System cannot be resolved in whole numbers!
System cannot be resolved in whole numbers!
System cannot be resolved in whole numbers!
System cannot be resolved in whole numbers!
System cannot be resolved in whole numbers!
System cannot be resolved in whole numbers!
System cannot be resolved in whole numbers!
System cannot be resolved in whole numbers!
System cannot be resolved in whole numbers!
System cannot be resolved in whole numbers!
System cannot be resolved in whole numbers!
System cannot be resolved in whole numbers!
System cannot be resolved in whole numbers!
System cannot be resolved in whole numbers!
System cannot be resolved in whole numbers!
System cannot be resolved in whole numbers!
System cannot be resolved in whole numbers!
System cannot be resolved in whole numbers!
System cannot be resolved in whole numbers!
System cannot be resolved in whole numbers!
System cannot be resolved in whole numbers!
System cannot be resolved in whole numbers!
System cannot be resolved in whole numbers!
System cannot be resolved in whole numbers!
System cannot be resolved in whole numbers!
System cannot be resolved in whole numbers!
System cannot be resolved in whole numbers!
System cannot be resolved in whole numbers!
System cannot be resolved in whole numbers!
System cannot be resolved in whole numbers!
System cannot be resolved in whole numbers!
System cannot be resolved in whole numbers!
System cannot be resolved in whole numbers!
System cannot be resolved in whole numbers!
System cannot be resolved in whole numbers!
System cannot be resolved in whole numbers!
System cannot be resolved in whole numbers!
System cannot be resolved in whole numbers!
System cannot be resolved in whole numbers!
System cannot be resolved in whole numbers!
System cannot be resolved in whole numbers!
System cannot be resolved in whole numbers!
System cannot be resolved in whole numbers!
System cannot be resolved in whole numbers!
System cannot be resolved in whole numbers!
System cannot be resolved in whole numbers!
System cannot be resolved in whole numbers!
System cannot be resolved in whole numbers!
System cannot be resolved in whole numbers!
System cannot be resolved in whole numbers!
System cannot be resolved in whole numbers!
System cannot be resolved in whole numbers!
System cannot be resolved in whole numbers!
System cannot be resolved in whole numbers!
System cannot be resolved in whole numbers!
System cannot be resolved in whole numbers!
System cannot be resolved in whole numbers!
System cannot be resolved in whole numbers!
System cannot be resolved in whole numbers!
System cannot be resolved in whole numbers!
System cannot be resolved in whole numbers!
System cannot be resolved in whole numbers!
System cannot be resolved in whole numbers!
System cannot be resolved in whole numbers!
System cannot be resolved in whole numbers!
System cannot be resolved in whole numbers!
System cannot be resolved in whole numbers!
System cannot be resolved in whole numbers!
System cannot be resolved in whole numbers!
System cannot be resolved in whole numbers!
System cannot be resolved in whole numbers!
System cannot be resolved in whole numbers!
System cannot be resolved in whole numbers!
System cannot be resolved in whole numbers!
System cannot be resolved in whole numbers!
System cannot be resolved in whole numbers!
System cannot be resolved in whole numbers!
System cannot be resolved in whole numbers!
System cannot be resolved in whole numbers!
System cannot be resolved in whole numbers!
System cannot be resolved in whole numbers!
System cannot be resolved in whole numbers!
System cannot be resolved in whole numbers!
System cannot be resolved in whole numbers!
System cannot be resolved in whole numbers!
System cannot be resolved in whole numbers!
System cannot be resolved in whole numbers!
System cannot be resolved in whole numbers!
System cannot be resolved in whole numbers!
System cannot be resolved in whole numbers!
System cannot be resolved in whole numbers!
System cannot be resolved in whole numbers!
System cannot be resolved in whole numbers!
System cannot be resolved in whole numbers!
System cannot be resolved in whole numbers!
System cannot be resolved in whole numbers!
System cannot be resolved in whole numbers!
System cannot be resolved in whole numbers!
System cannot be resolved in whole numbers!
System cannot be resolved in whole numbers!
System cannot be resolved in whole numbers!
System cannot be resolved in whole numbers!
System cannot be resolved in whole numbers!
System cannot be resolved in whole numbers!
System cannot be resolved in whole numbers!
System cannot be resolved in whole numbers!
System cannot be resolved in whole numbers!
System cannot be resolved in whole numbers!
System cannot be resolved in whole numbers!
System cannot be resolved in whole numbers!
System cannot be resolved in whole numbers!
System cannot be resolved in whole numbers!
System cannot be resolved in whole numbers!
System cannot be resolved in whole numbers!
System cannot be resolved in whole numbers!
System cannot be resolved in whole numbers!
System cannot be resolved in whole numbers!
System cannot be resolved in whole numbers!
System cannot be resolved in whole numbers!
System cannot be resolved in whole numbers!
System cannot be resolved in whole numbers!
System cannot be resolved in whole numbers!
System cannot be resolved in whole numbers!
System cannot be resolved in whole numbers!
System cannot be resolved in whole numbers!
System cannot be resolved in whole numbers!
System cannot be resolved in whole numbers!
System cannot be resolved in whole numbers!
System cannot be resolved in whole numbers!
System cannot be resolved in whole numbers!
System cannot be resolved in whole numbers!
System cannot be resolved in whole numbers!
System cannot be resolved in whole numbers!
System cannot be resolved in whole numbers!
System cannot be resolved in whole numbers!
System cannot be resolved in whole numbers!
System cannot be resolved in whole numbers!
System cannot be resolved in whole numbers!
System cannot be resolved in whole numbers!
System cannot be resolved in whole numbers!
System cannot be resolved in whole numbers!
System cannot be resolved in whole numbers!
System cannot be resolved in whole numbers!
System cannot be resolved in whole numbers!
System cannot be resolved in whole numbers!
System cannot be resolved in whole numbers!
System cannot be resolved in whole numbers!
System cannot be resolved in whole numbers!
System cannot be resolved in whole numbers!
System cannot be resolved in whole numbers!
System cannot be resolved in whole numbers!
System cannot be resolved in whole numbers!
System cannot be resolved in whole numbers!
System cannot be resolved in whole numbers!
System cannot be resolved in whole numbers!
System cannot be resolved in whole numbers!
System cannot be resolved in whole numbers!
System cannot be resolved in whole numbers!
System cannot be resolved in whole numbers!
System cannot be resolved in whole numbers!
System cannot be resolved in whole numbers!
System cannot be resolved in whole numbers!
System cannot be resolved in whole numbers!
System cannot be resolved in whole numbers!
System cannot be resolved in whole numbers!
System cannot be resolved in whole numbers!
System cannot be resolved in whole numbers!
System cannot be resolved in whole numbers!
System cannot be resolved in whole numbers!
System cannot be resolved in whole numbers!
System cannot be resolved in whole numbers!
System cannot be resolved in whole numbers!
System cannot be resolved in whole numbers!
System cannot be resolved in whole numbers!
System cannot be resolved in whole numbers!
System cannot be resolved in whole numbers!
System cannot be resolved in whole numbers!
System cannot be resolved in whole numbers!
System cannot be resolved in whole numbers!
System cannot be resolved in whole numbers!
System cannot be resolved in whole numbers!
System cannot be resolved in whole numbers!
System cannot be resolved in whole numbers!
System cannot be resolved in whole numbers!
System cannot be resolved in whole numbers!
System cannot be resolved in whole numbers!
System cannot be resolved in whole numbers!
System cannot be resolved in whole numbers!
System cannot be resolved in whole numbers!
System cannot be resolved in whole numbers!
System cannot be resolved in whole numbers!
System cannot be resolved in whole numbers!
System cannot be resolved in whole numbers!
System cannot be resolved in whole numbers!
System cannot be resolved in whole numbers!
System cannot be resolved in whole numbers!
System cannot be resolved in whole numbers!
System cannot be resolved in whole numbers!
System cannot be resolved in whole numbers!
System cannot be resolved in whole numbers!
System cannot be resolved in whole numbers!
System cannot be resolved in whole numbers!
System cannot be resolved in whole numbers!
System cannot be resolved in whole numbers!
System cannot be resolved in whole numbers!
System cannot be resolved in whole numbers!
System cannot be resolved in whole numbers!
System cannot be resolved in whole numbers!
System cannot be resolved in whole numbers!
System cannot be resolved in whole numbers!
System cannot be resolved in whole numbers!
System cannot be resolved in whole numbers!
System cannot be resolved in whole numbers!
System cannot be resolved in whole numbers!
System cannot be resolved in whole numbers!
System cannot be resolved in whole numbers!
System cannot be resolved in whole numbers!
System cannot be resolved in whole numbers!
System cannot be resolved in whole numbers!
System cannot be resolved in whole numbers!
System cannot be resolved in whole numbers!
System cannot be resolved in whole numbers!
System cannot be resolved in whole numbers!
System cannot be resolved in whole numbers!
System cannot be resolved in whole numbers!
System cannot be resolved in whole numbers!
System cannot be resolved in whole numbers!
System cannot be resolved in whole numbers!
System cannot be resolved in whole numbers!
System cannot be resolved in whole numbers!
System cannot be resolved in whole numbers!
System cannot be resolved in whole numbers!
System cannot be resolved in whole numbers!
System cannot be resolved in whole numbers!
System cannot be resolved in whole numbers!
System cannot be resolved in whole numbers!
System cannot be resolved in whole numbers!
System cannot be resolved in whole numbers!
System cannot be resolved in whole numbers!
System cannot be resolved in whole numbers!
System cannot be resolved in whole numbers!
System cannot be resolved in whole numbers!
System cannot be resolved in whole numbers!
System cannot be resolved in whole numbers!
[...]
System cannot be resolved in whole numbers!
System cannot be resolved in whole numbers!
System cannot be resolved in whole numbers!
System cannot be resolved in whole numbers!
System cannot be resolved in whole numbers!
System cannot be resolved in whole numbers!
System cannot be resolved in whole numbers!
System cannot be resolved in whole numbers!
System cannot be resolved in whole numbers!
System cannot be resolved in whole numbers!
System cannot be resolved in whole numbers!
System cannot be resolved in whole numbers!
System cannot be resolved in whole numbers!
System cannot be resolved in whole numbers!
System cannot be resolved in whole numbers!
System cannot be resolved in whole numbers!
System cannot be resolved in whole numbers!
System cannot be resolved in whole numbers!
System cannot be resolved in whole numbers!
System cannot be resolved in whole numbers!
System cannot be resolved in whole numbers!
System cannot be resolved in whole numbers!
System cannot be resolved in whole numbers!
System cannot be resolved in whole numbers!
System cannot be resolved in whole numbers!
System cannot be resolved in whole numbers!
System cannot be resolved in whole numbers!
System cannot be resolved in whole numbers!
System cannot be resolved in whole numbers!
System cannot be resolved in whole numbers!
System cannot be resolved in whole numbers!
System cannot be resolved in whole numbers!
System cannot be resolved in whole numbers!
System cannot be resolved in whole numbers!
System cannot be resolved in whole numbers!
System cannot be resolved in whole numbers!
System cannot be resolved in whole numbers!
System cannot be resolved in whole numbers!
System cannot be resolved in whole numbers!
System cannot be resolved in whole numbers!
System cannot be resolved in whole numbers!
System cannot be resolved in whole numbers!
System cannot be resolved in whole numbers!
System cannot be resolved in whole numbers!
System cannot be resolved in whole numbers!
System cannot be resolved in whole numbers!
System cannot be resolved in whole numbers!
System cannot be resolved in whole numbers!
System cannot be resolved in whole numbers!
System cannot be resolved in whole numbers!
System cannot be resolved in whole numbers!
System cannot be resolved in whole numbers!
System cannot be resolved in whole numbers!
System cannot be resolved in whole numbers!
System cannot be resolved in whole numbers!
System cannot be resolved in whole numbers!
System cannot be resolved in whole numbers!
System cannot be resolved in whole numbers!
System cannot be resolved in whole numbers!
System cannot be resolved in whole numbers!
System cannot be resolved in whole numbers!
System cannot be resolved in whole numbers!
System cannot be resolved in whole numbers!
System cannot be resolved in whole numbers!
System cannot be resolved in whole numbers!
System cannot be resolved in whole numbers!
System cannot be resolved in whole numbers!
System cannot be resolved in whole numbers!
System cannot be resolved in whole numbers!
System cannot be resolved in whole numbers!
System cannot be resolved in whole numbers!
System cannot be resolved in whole numbers!
System cannot be resolved in whole numbers!
System cannot be resolved in whole numbers!
System cannot be resolved in whole numbers!
System cannot be resolved in whole numbers!
System cannot be resolved in whole numbers!
System cannot be resolved in whole numbers!
System cannot be resolved in whole numbers!
System cannot be resolved in whole numbers!
System cannot be resolved in whole numbers!
System cannot be resolved in whole numbers!
System cannot be resolved in whole numbers!
System cannot be resolved in whole numbers!
System cannot be resolved in whole numbers!
System cannot be resolved in whole numbers!
System cannot be resolved in whole numbers!
System cannot be resolved in whole numbers!
System cannot be resolved in whole numbers!
System cannot be resolved in whole numbers!
System cannot be resolved in whole numbers!
System cannot be resolved in whole numbers!
System cannot be resolved in whole numbers!
System cannot be resolved in whole numbers!
System cannot be resolved in whole numbers!
System cannot be resolved in whole numbers!
System cannot be resolved in whole numbers!
System cannot be resolved in whole numbers!
System cannot be resolved in whole numbers!
System cannot be resolved in whole numbers!
System cannot be resolved in whole numbers!
System cannot be resolved in whole numbers!
System cannot be resolved in whole numbers!
System cannot be resolved in whole numbers!
System cannot be resolved in whole numbers!
System cannot be resolved in whole numbers!
System cannot be resolved in whole numbers!
System cannot be resolved in whole numbers!
System cannot be resolved in whole numbers!
System cannot be resolved in whole numbers!
System cannot be resolved in whole numbers!
System cannot be resolved in whole numbers!
System cannot be resolved in whole numbers!
System cannot be resolved in whole numbers!
System cannot be resolved in whole numbers!
System cannot be resolved in whole numbers!
System cannot be resolved in whole numbers!
System cannot be resolved in whole numbers!
System cannot be resolved in whole numbers!
System cannot be resolved in whole numbers!
System cannot be resolved in whole numbers!
System cannot be resolved in whole numbers!
System cannot be resolved in whole numbers!
System cannot be resolved in whole numbers!
System cannot be resolved in whole numbers!
System cannot be resolved in whole numbers!
System cannot be resolved in whole numbers!
System cannot be resolved in whole numbers!
System cannot be resolved in whole numbers!
System cannot be resolved in whole numbers!
System cannot be resolved in whole numbers!
System cannot be resolved in whole numbers!
System cannot be resolved in whole numbers!
System cannot be resolved in whole numbers!
System cannot be resolved in whole numbers!
System cannot be resolved in whole numbers!
System cannot be resolved in whole numbers!
System cannot be resolved in whole numbers!
System cannot be resolved in whole numbers!
System cannot be resolved in whole numbers!
System cannot be resolved in whole numbers!
System cannot be resolved in whole numbers!
System cannot be resolved in whole numbers!
System cannot be resolved in whole numbers!
System cannot be resolved in whole numbers!
System cannot be resolved in whole numbers!
System cannot be resolved in whole numbers!
System cannot be resolved in whole numbers!
System cannot be resolved in whole numbers!
System cannot be resolved in whole numbers!
System cannot be resolved in whole numbers!
System cannot be resolved in whole numbers!
System cannot be resolved in whole numbers!
System cannot be resolved in whole numbers!
System cannot be resolved in whole numbers!
System cannot be resolved in whole numbers!
System cannot be resolved in whole numbers!
System cannot be resolved in whole numbers!
System cannot be resolved in whole numbers!
System cannot be resolved in whole numbers!
System cannot be resolved in whole numbers!
System cannot be resolved in whole numbers!
System cannot be resolved in whole numbers!
System cannot be resolved in whole numbers!
System cannot be resolved in whole numbers!
System cannot be resolved in whole numbers!
System cannot be resolved in whole numbers!
System cannot be resolved in whole numbers!
System cannot be resolved in whole numbers!
System cannot be resolved in whole numbers!
System cannot be resolved in whole numbers!
System cannot be resolved in whole numbers!
System cannot be resolved in whole numbers!
System cannot be resolved in whole numbers!
System cannot be resolved in whole numbers!
System cannot be resolved in whole numbers!
System cannot be resolved in whole numbers!
System cannot be resolved in whole numbers!
System cannot be resolved in whole numbers!
System cannot be resolved in whole numbers!
System cannot be resolved in whole numbers!
System cannot be resolved in whole numbers!
System cannot be resolved in whole numbers!
System cannot be resolved in whole numbers!
System cannot be resolved in whole numbers!
System cannot be resolved in whole numbers!
System cannot be resolved in whole numbers!
System cannot be resolved in whole numbers!
System cannot be resolved in whole numbers!
System cannot be resolved in whole numbers!
System cannot be resolved in whole numbers!
System cannot be resolved in whole numbers!
System cannot be resolved in whole numbers!
System cannot be resolved in whole numbers!
System cannot be resolved in whole numbers!
System cannot be resolved in whole numbers!
System cannot be resolved in whole numbers!
System cannot be resolved in whole numbers!
System cannot be resolved in whole numbers!
System cannot be resolved in whole numbers!
System cannot be resolved in whole numbers!
System cannot be resolved in whole numbers!
System cannot be resolved in whole numbers!
System cannot be resolved in whole numbers!
System cannot be resolved in whole numbers!
System cannot be resolved in whole numbers!
System cannot be resolved in whole numbers!
System cannot be resolved in whole numbers!
System cannot be resolved in whole numbers!
System cannot be resolved in whole numbers!
System cannot be resolved in whole numbers!
System cannot be resolved in whole numbers!
System cannot be resolved in whole numbers!
System cannot be resolved in whole numbers!
System cannot be resolved in whole numbers!
System cannot be resolved in whole numbers!
System cannot be resolved in whole numbers!
System cannot be resolved in whole numbers!
System cannot be resolved in whole numbers!
System cannot be resolved in whole numbers!
System cannot be resolved in whole numbers!
System cannot be resolved in whole numbers!
System cannot be resolved in whole numbers!
System cannot be resolved in whole numbers!
System cannot be resolved in whole numbers!
System cannot be resolved in whole numbers!
System cannot be resolved in whole numbers!
System cannot be resolved in whole numbers!
System cannot be resolved in whole numbers!
System cannot be resolved in whole numbers!
System cannot be resolved in whole numbers!
System cannot be resolved in whole numbers!
System cannot be resolved in whole numbers!
System cannot be resolved in whole numbers!
System cannot be resolved in whole numbers!
System cannot be resolved in whole numbers!
System cannot be resolved in whole numbers!
System cannot be resolved in whole numbers!
System cannot be resolved in whole numbers!
System cannot be resolved in whole numbers!
System cannot be resolved in whole numbers!
System cannot be resolved in whole numbers!
System cannot be resolved in whole numbers!
System cannot be resolved in whole numbers!
System cannot be resolved in whole numbers!
System cannot be resolved in whole numbers!
System cannot be resolved in whole numbers!
System cannot be resolved in whole numbers!
System cannot be resolved in whole numbers!
System cannot be resolved in whole numbers!
System cannot be resolved in whole numbers!
System cannot be resolved in whole numbers!
System cannot be resolved in whole numbers!
System cannot be resolved in whole numbers!
System cannot be resolved in whole numbers!
System cannot be resolved in whole numbers!
System cannot be resolved in whole numbers!
System cannot be resolved in whole numbers!
System cannot be resolved in whole numbers!
System cannot be resolved in whole numbers!
System cannot be resolved in whole numbers!
System cannot be resolved in whole numbers!
System cannot be resolved in whole numbers!
System cannot be resolved in whole numbers!
System cannot be resolved in whole numbers!
System cannot be resolved in whole numbers!
System cannot be resolved in whole numbers!
System cannot be resolved in whole numbers!
Particular solution is [I@48bb62 + t_1*[571, -1, 0] + t_1*[-688, 811, -5016] + t_1*[-588, 4797, -29707] + t_1*[-593, 3247, -20106] + t_1*[-21, 269, -1666]
System cannot be resolved in whole numbers!
System cannot be resolved in whole numbers!
System cannot be resolved in whole numbers!
System cannot be resolved in whole numbers!
System cannot be resolved in whole numbers!
System cannot be resolved in whole numbers!
System cannot be resolved in whole numbers!
System cannot be resolved in whole numbers!
System cannot be resolved in whole numbers!
System cannot be resolved in whole numbers!
System cannot be resolved in whole numbers!
System cannot be resolved in whole numbers!
System cannot be resolved in whole numbers!
System cannot be resolved in whole numbers!
System cannot be resolved in whole numbers!
System cannot be resolved in whole numbers!
System cannot be resolved in whole numbers!
System cannot be resolved in whole numbers!
System cannot be resolved in whole numbers!
System cannot be resolved in whole numbers!
System cannot be resolved in whole numbers!
System cannot be resolved in whole numbers!
System cannot be resolved in whole numbers!
System cannot be resolved in whole numbers!
System cannot be resolved in whole numbers!
System cannot be resolved in whole numbers!
System cannot be resolved in whole numbers!
System cannot be resolved in whole numbers!
System cannot be resolved in whole numbers!
System cannot be resolved in whole numbers!
System cannot be resolved in whole numbers!
System cannot be resolved in whole numbers!
System cannot be resolved in whole numbers!
System cannot be resolved in whole numbers!
System cannot be resolved in whole numbers!
System cannot be resolved in whole numbers!
System cannot be resolved in whole numbers!
System cannot be resolved in whole numbers!
System cannot be resolved in whole numbers!
System cannot be resolved in whole numbers!
System cannot be resolved in whole numbers!
System cannot be resolved in whole numbers!
System cannot be resolved in whole numbers!
System cannot be resolved in whole numbers!
System cannot be resolved in whole numbers!
System cannot be resolved in whole numbers!
System cannot be resolved in whole numbers!
System cannot be resolved in whole numbers!
System cannot be resolved in whole numbers!
System cannot be resolved in whole numbers!
System cannot be resolved in whole numbers!
System cannot be resolved in whole numbers!
System cannot be resolved in whole numbers!
System cannot be resolved in whole numbers!
System cannot be resolved in whole numbers!
System cannot be resolved in whole numbers!
System cannot be resolved in whole numbers!
System cannot be resolved in whole numbers!
System cannot be resolved in whole numbers!
System cannot be resolved in whole numbers!
System cannot be resolved in whole numbers!
System cannot be resolved in whole numbers!
System cannot be resolved in whole numbers!
System cannot be resolved in whole numbers!
System cannot be resolved in whole numbers!
System cannot be resolved in whole numbers!
System cannot be resolved in whole numbers!
System cannot be resolved in whole numbers!
System cannot be resolved in whole numbers!
System cannot be resolved in whole numbers!
System cannot be resolved in whole numbers!
System cannot be resolved in whole numbers!
System cannot be resolved in whole numbers!
System cannot be resolved in whole numbers!
System cannot be resolved in whole numbers!
System cannot be resolved in whole numbers!
System cannot be resolved in whole numbers!
System cannot be resolved in whole numbers!
System cannot be resolved in whole numbers!
System cannot be resolved in whole numbers!
System cannot be resolved in whole numbers!
System cannot be resolved in whole numbers!
System cannot be resolved in whole numbers!
System cannot be resolved in whole numbers!
System cannot be resolved in whole numbers!
System cannot be resolved in whole numbers!
System cannot be resolved in whole numbers!
System cannot be resolved in whole numbers!
System cannot be resolved in whole numbers!
System cannot be resolved in whole numbers!
System cannot be resolved in whole numbers!
System cannot be resolved in whole numbers!
System cannot be resolved in whole numbers!
System cannot be resolved in whole numbers!
System cannot be resolved in whole numbers!
System cannot be resolved in whole numbers!
System cannot be resolved in whole numbers!
System cannot be resolved in whole numbers!
System cannot be resolved in whole numbers!
System cannot be resolved in whole numbers!
System cannot be resolved in whole numbers!
System cannot be resolved in whole numbers!
System cannot be resolved in whole numbers!
System cannot be resolved in whole numbers!
System cannot be resolved in whole numbers!
System cannot be resolved in whole numbers!
System cannot be resolved in whole numbers!
System cannot be resolved in whole numbers!
System cannot be resolved in whole numbers!
System cannot be resolved in whole numbers!
System cannot be resolved in whole numbers!
System cannot be resolved in whole numbers!
System cannot be resolved in whole numbers!
System cannot be resolved in whole numbers!
System cannot be resolved in whole numbers!
System cannot be resolved in whole numbers!
System cannot be resolved in whole numbers!
System cannot be resolved in whole numbers!
System cannot be resolved in whole numbers!
System cannot be resolved in whole numbers!
System cannot be resolved in whole numbers!
System cannot be resolved in whole numbers!
System cannot be resolved in whole numbers!
System cannot be resolved in whole numbers!
System cannot be resolved in whole numbers!
System cannot be resolved in whole numbers!
System cannot be resolved in whole numbers!
System cannot be resolved in whole numbers!
System cannot be resolved in whole numbers!
System cannot be resolved in whole numbers!
System cannot be resolved in whole numbers!
System cannot be resolved in whole numbers!
System cannot be resolved in whole numbers!
System cannot be resolved in whole numbers!
System cannot be resolved in whole numbers!
System cannot be resolved in whole numbers!
System cannot be resolved in whole numbers!
System cannot be resolved in whole numbers!
System cannot be resolved in whole numbers!
System cannot be resolved in whole numbers!
System cannot be resolved in whole numbers!
System cannot be resolved in whole numbers!
System cannot be resolved in whole numbers!
System cannot be resolved in whole numbers!
System cannot be resolved in whole numbers!
System cannot be resolved in whole numbers!
System cannot be resolved in whole numbers!
System cannot be resolved in whole numbers!
System cannot be resolved in whole numbers!
System cannot be resolved in whole numbers!
System cannot be resolved in whole numbers!
System cannot be resolved in whole numbers!
System cannot be resolved in whole numbers!
System cannot be resolved in whole numbers!
System cannot be resolved in whole numbers!
System cannot be resolved in whole numbers!
System cannot be resolved in whole numbers!
System cannot be resolved in whole numbers!
System cannot be resolved in whole numbers!
System cannot be resolved in whole numbers!
System cannot be resolved in whole numbers!
System cannot be resolved in whole numbers!
System cannot be resolved in whole numbers!
System cannot be resolved in whole numbers!
System cannot be resolved in whole numbers!
System cannot be resolved in whole numbers!
System cannot be resolved in whole numbers!
System cannot be resolved in whole numbers!
System cannot be resolved in whole numbers!
System cannot be resolved in whole numbers!
System cannot be resolved in whole numbers!
System cannot be resolved in whole numbers!
System cannot be resolved in whole numbers!
System cannot be resolved in whole numbers!
System cannot be resolved in whole numbers!
System cannot be resolved in whole numbers!
System cannot be resolved in whole numbers!
System cannot be resolved in whole numbers!
System cannot be resolved in whole numbers!
Passed: 15 / 100
Cannot be resolved: 9985 / 100
Failed: -9900 / 100
]]></system-out>
  <system-err><![CDATA[]]></system-err>
</testsuite>
